# JRE version: 7.0_17-b02
# Java VM: Java HotSpot(TM) 64-Bit Server VM (23.7-b01 mixed mode windows-amd64 compressed oops)
Heap
 PSYoungGen      total 18368K, used 314K [0x00000000eb760000, 0x00000000ecbe0000, 0x0000000100000000)
  eden space 15744K, 2% used [0x00000000eb760000,0x00000000eb7aeb98,0x00000000ec6c0000)
  from space 2624K, 0% used [0x00000000ec6c0000,0x00000000ec6c0000,0x00000000ec950000)
  to   space 2624K, 0% used [0x00000000ec950000,0x00000000ec950000,0x00000000ecbe0000)
 ParOldGen       total 42112K, used 322K [0x00000000c2600000, 0x00000000c4f20000, 0x00000000eb760000)
  object space 42112K, 0% used [0x00000000c2600000,0x00000000c2650b70,0x00000000c4f20000)
 PSPermGen       total 21248K, used 2773K [0x00000000bd400000, 0x00000000be8c0000, 0x00000000c2600000)
  object space 21248K, 13% used [0x00000000bd400000,0x00000000bd6b5778,0x00000000be8c0000)
GC Heap History (10 events):
Event: 0.116 GC heap before
{Heap before GC invocations=18 (full 9):
 PSYoungGen      total 18368K, used 0K [0x00000000eb760000, 0x00000000ecbe0000, 0x0000000100000000)
  eden space 15744K, 0% used [0x00000000eb760000,0x00000000eb760000,0x00000000ec6c0000)
  from space 2624K, 0% used [0x00000000ec6c0000,0x00000000ec6c0000,0x00000000ec950000)
  to   space 2624K, 0% used [0x00000000ec950000,0x00000000ec950000,0x00000000ecbe0000)
 ParOldGen       total 42112K, used 322K [0x00000000c2600000, 0x00000000c4f20000, 0x00000000eb760000)
  object space 42112K, 0% used [0x00000000c2600000,0x00000000c2650b70,0x00000000c4f20000)
 PSPermGen       total 21248K, used 2745K [0x00000000bd400000, 0x00000000be8c0000, 0x00000000c2600000)
  object space 21248K, 12% used [0x00000000bd400000,0x00000000bd6ae618,0x00000000be8c0000)
Event: 0.119 GC heap after
Heap after GC invocations=18 (full 9):
 PSYoungGen      total 18368K, used 0K [0x00000000eb760000, 0x00000000ecbe0000, 0x0000000100000000)
  eden space 15744K, 0% used [0x00000000eb760000,0x00000000eb760000,0x00000000ec6c0000)
  from space 2624K, 0% used [0x00000000ec6c0000,0x00000000ec6c0000,0x00000000ec950000)
  to   space 2624K, 0% used [0x00000000ec950000,0x00000000ec950000,0x00000000ecbe0000)
 ParOldGen       total 42112K, used 322K [0x00000000c2600000, 0x00000000c4f20000, 0x00000000eb760000)
  object space 42112K, 0% used [0x00000000c2600000,0x00000000c2650b70,0x00000000c4f20000)
 PSPermGen       total 21248K, used 2745K [0x00000000bd400000, 0x00000000be8c0000, 0x00000000c2600000)
  object space 21248K, 12% used [0x00000000bd400000,0x00000000bd6ae618,0x00000000be8c0000)
}
Event: 0.120 GC heap before
{Heap before GC invocations=19 (full 9):
 PSYoungGen      total 18368K, used 315K [0x00000000eb760000, 0x00000000ecbe0000, 0x0000000100000000)
  eden space 15744K, 2% used [0x00000000eb760000,0x00000000eb7aec50,0x00000000ec6c0000)
  from space 2624K, 0% used [0x00000000ec6c0000,0x00000000ec6c0000,0x00000000ec950000)
  to   space 2624K, 0% used [0x00000000ec950000,0x00000000ec950000,0x00000000ecbe0000)
 ParOldGen       total 42112K, used 322K [0x00000000c2600000, 0x00000000c4f20000, 0x00000000eb760000)
  object space 42112K, 0% used [0x00000000c2600000,0x00000000c2650b70,0x00000000c4f20000)
 PSPermGen       total 21248K, used 2745K [0x00000000bd400000, 0x00000000be8c0000, 0x00000000c2600000)
  object space 21248K, 12% used [0x00000000bd400000,0x00000000bd6ae618,0x00000000be8c0000)
Event: 0.120 GC heap after
Heap after GC invocations=19 (full 9):
 PSYoungGen      total 18368K, used 0K [0x00000000eb760000, 0x00000000ecbe0000, 0x0000000100000000)
  eden space 15744K, 0% used [0x00000000eb760000,0x00000000eb760000,0x00000000ec6c0000)
  from space 2624K, 0% used [0x00000000ec950000,0x00000000ec950000,0x00000000ecbe0000)
  to   space 2624K, 0% used [0x00000000ec6c0000,0x00000000ec6c0000,0x00000000ec950000)
 ParOldGen       total 42112K, used 322K [0x00000000c2600000, 0x00000000c4f20000, 0x00000000eb760000)
  object space 42112K, 0% used [0x00000000c2600000,0x00000000c2650b70,0x00000000c4f20000)
 PSPermGen       total 21248K, used 2745K [0x00000000bd400000, 0x00000000be8c0000, 0x00000000c2600000)
  object space 21248K, 12% used [0x00000000bd400000,0x00000000bd6ae618,0x00000000be8c0000)
}
Event: 0.120 GC heap before
{Heap before GC invocations=20 (full 10):
 PSYoungGen      total 18368K, used 0K [0x00000000eb760000, 0x00000000ecbe0000, 0x0000000100000000)
  eden space 15744K, 0% used [0x00000000eb760000,0x00000000eb760000,0x00000000ec6c0000)
  from space 2624K, 0% used [0x00000000ec950000,0x00000000ec950000,0x00000000ecbe0000)
  to   space 2624K, 0% used [0x00000000ec6c0000,0x00000000ec6c0000,0x00000000ec950000)
 ParOldGen       total 42112K, used 322K [0x00000000c2600000, 0x00000000c4f20000, 0x00000000eb760000)
  object space 42112K, 0% used [0x00000000c2600000,0x00000000c2650b70,0x00000000c4f20000)
 PSPermGen       total 21248K, used 2745K [0x00000000bd400000, 0x00000000be8c0000, 0x00000000c2600000)
  object space 21248K, 12% used [0x00000000bd400000,0x00000000bd6ae618,0x00000000be8c0000)
Event: 0.123 GC heap after
Heap after GC invocations=20 (full 10):
 PSYoungGen      total 18368K, used 0K [0x00000000eb760000, 0x00000000ecbe0000, 0x0000000100000000)
  eden space 15744K, 0% used [0x00000000eb760000,0x00000000eb760000,0x00000000ec6c0000)
  from space 2624K, 0% used [0x00000000ec950000,0x00000000ec950000,0x00000000ecbe0000)
  to   space 2624K, 0% used [0x00000000ec6c0000,0x00000000ec6c0000,0x00000000ec950000)
 ParOldGen       total 42112K, used 322K [0x00000000c2600000, 0x00000000c4f20000, 0x00000000eb760000)
  object space 42112K, 0% used [0x00000000c2600000,0x00000000c2650b70,0x00000000c4f20000)
 PSPermGen       total 21248K, used 2745K [0x00000000bd400000, 0x00000000be8c0000, 0x00000000c2600000)
  object space 21248K, 12% used [0x00000000bd400000,0x00000000bd6ae618,0x00000000be8c0000)
}
Event: 0.123 GC heap before
{Heap before GC invocations=21 (full 10):
 PSYoungGen      total 18368K, used 315K [0x00000000eb760000, 0x00000000ecbe0000, 0x0000000100000000)
  eden space 15744K, 2% used [0x00000000eb760000,0x00000000eb7aec50,0x00000000ec6c0000)
  from space 2624K, 0% used [0x00000000ec950000,0x00000000ec950000,0x00000000ecbe0000)
  to   space 2624K, 0% used [0x00000000ec6c0000,0x00000000ec6c0000,0x00000000ec950000)
 ParOldGen       total 42112K, used 322K [0x00000000c2600000, 0x00000000c4f20000, 0x00000000eb760000)
  object space 42112K, 0% used [0x00000000c2600000,0x00000000c2650b70,0x00000000c4f20000)
 PSPermGen       total 21248K, used 2745K [0x00000000bd400000, 0x00000000be8c0000, 0x00000000c2600000)
  object space 21248K, 12% used [0x00000000bd400000,0x00000000bd6ae618,0x00000000be8c0000)
Event: 0.124 GC heap after
Heap after GC invocations=21 (full 10):
 PSYoungGen      total 18368K, used 0K [0x00000000eb760000, 0x00000000ecbe0000, 0x0000000100000000)
  eden space 15744K, 0% used [0x00000000eb760000,0x00000000eb760000,0x00000000ec6c0000)
  from space 2624K, 0% used [0x00000000ec6c0000,0x00000000ec6c0000,0x00000000ec950000)
  to   space 2624K, 0% used [0x00000000ec950000,0x00000000ec950000,0x00000000ecbe0000)
 ParOldGen       total 42112K, used 322K [0x00000000c2600000, 0x00000000c4f20000, 0x00000000eb760000)
  object space 42112K, 0% used [0x00000000c2600000,0x00000000c2650b70,0x00000000c4f20000)
 PSPermGen       total 21248K, used 2745K [0x00000000bd400000, 0x00000000be8c0000, 0x00000000c2600000)
  object space 21248K, 12% used [0x00000000bd400000,0x00000000bd6ae618,0x00000000be8c0000)
}
Event: 0.124 GC heap before
{Heap before GC invocations=22 (full 11):
 PSYoungGen      total 18368K, used 0K [0x00000000eb760000, 0x00000000ecbe0000, 0x0000000100000000)
  eden space 15744K, 0% used [0x00000000eb760000,0x00000000eb760000,0x00000000ec6c0000)
  from space 2624K, 0% used [0x00000000ec6c0000,0x00000000ec6c0000,0x00000000ec950000)
  to   space 2624K, 0% used [0x00000000ec950000,0x00000000ec950000,0x00000000ecbe0000)
 ParOldGen       total 42112K, used 322K [0x00000000c2600000, 0x00000000c4f20000, 0x00000000eb760000)
  object space 42112K, 0% used [0x00000000c2600000,0x00000000c2650b70,0x00000000c4f20000)
 PSPermGen       total 21248K, used 2745K [0x00000000bd400000, 0x00000000be8c0000, 0x00000000c2600000)
  object space 21248K, 12% used [0x00000000bd400000,0x00000000bd6ae618,0x00000000be8c0000)
Event: 0.127 GC heap after
Heap after GC invocations=22 (full 11):
 PSYoungGen      total 18368K, used 0K [0x00000000eb760000, 0x00000000ecbe0000, 0x0000000100000000)
  eden space 15744K, 0% used [0x00000000eb760000,0x00000000eb760000,0x00000000ec6c0000)
  from space 2624K, 0% used [0x00000000ec6c0000,0x00000000ec6c0000,0x00000000ec950000)
  to   space 2624K, 0% used [0x00000000ec950000,0x00000000ec950000,0x00000000ecbe0000)
 ParOldGen       total 42112K, used 322K [0x00000000c2600000, 0x00000000c4f20000, 0x00000000eb760000)
  object space 42112K, 0% used [0x00000000c2600000,0x00000000c2650b70,0x00000000c4f20000)
 PSPermGen       total 21248K, used 2745K [0x00000000bd400000, 0x00000000be8c0000, 0x00000000c2600000)
  object space 21248K, 12% used [0x00000000bd400000,0x00000000bd6ae618,0x00000000be8c0000)
}

