<?xml version="1.0" encoding="UTF-8"?>
<testsuite xmlns:xsi="http://www.w3.org/2001/XMLSchema-instance" xsi:noNamespaceSchemaLocation="https://maven.apache.org/surefire/maven-surefire-plugin/xsd/surefire-test-report.xsd" name="us.pserver.tools.test.TestReflect" time="98.36" tests="33" errors="0" skipped="0" failures="0">
  <properties>
[...]
</properties>
  <testcase name="test_methodConsumer" classname="us.pserver.tools.test.TestReflect" time="0.013"/>
  <testcase name="test_constructor_supplier_performance[1]" classname="us.pserver.tools.test.TestReflect" time="0.956"/>
  <testcase name="test_constructor_supplier_performance[2]" classname="us.pserver.tools.test.TestReflect" time="1.522"/>
  <testcase name="test_constructor_supplier_performance[3]" classname="us.pserver.tools.test.TestReflect" time="1.489"/>
  <testcase name="test_methodRunnable" classname="us.pserver.tools.test.TestReflect" time="0.003"/>
  <testcase name="test_methodBiFunction" classname="us.pserver.tools.test.TestReflect" time="0.01"/>
  <testcase name="test_methodLambda" classname="us.pserver.tools.test.TestReflect" time="0.003"/>
  <testcase name="test_methodFunction" classname="us.pserver.tools.test.TestReflect" time="0.001"/>
  <testcase name="test_default_constructor" classname="us.pserver.tools.test.TestReflect" time="0.001"/>
  <testcase name="test_lambda_autobxing_performance[1]" classname="us.pserver.tools.test.TestReflect" time="0.948"/>
  <testcase name="test_lambda_autobxing_performance[2]" classname="us.pserver.tools.test.TestReflect" time="1.192"/>
  <testcase name="test_lambda_autobxing_performance[3]" classname="us.pserver.tools.test.TestReflect" time="1.547"/>
  <testcase name="test_methodFunction_performance[1]" classname="us.pserver.tools.test.TestReflect" time="11.661"/>
  <testcase name="test_methodFunction_performance[2]" classname="us.pserver.tools.test.TestReflect" time="11.6"/>
  <testcase name="test_methodFunction_performance[3]" classname="us.pserver.tools.test.TestReflect" time="11.557"/>
  <testcase name="test_greet_string_method" classname="us.pserver.tools.test.TestReflect" time="0"/>
  <testcase name="test_methodSupplier" classname="us.pserver.tools.test.TestReflect" time="0.001"/>
  <testcase name="test_string_constructor" classname="us.pserver.tools.test.TestReflect" time="0.001"/>
  <testcase name="test_withHello_method" classname="us.pserver.tools.test.TestReflect" time="0.002"/>
  <testcase name="test_magic_field" classname="us.pserver.tools.test.TestReflect" time="0.002"/>
  <testcase name="test_constructor_function_performance[1]" classname="us.pserver.tools.test.TestReflect" time="1.71"/>
  <testcase name="test_constructor_function_performance[2]" classname="us.pserver.tools.test.TestReflect" time="2.259"/>
  <testcase name="test_constructor_function_performance[3]" classname="us.pserver.tools.test.TestReflect" time="2.462"/>
  <testcase name="test_constructor_function_performance[4]" classname="us.pserver.tools.test.TestReflect" time="2.321"/>
  <testcase name="test_constructor_function_performance[5]" classname="us.pserver.tools.test.TestReflect" time="2.374"/>
  <testcase name="test_constructor_function_performance[6]" classname="us.pserver.tools.test.TestReflect" time="2.308"/>
  <testcase name="test_constructor_function_performance[7]" classname="us.pserver.tools.test.TestReflect" time="2.145"/>
  <testcase name="test_constructor_function_performance[8]" classname="us.pserver.tools.test.TestReflect" time="2.181"/>
  <testcase name="test_constructor_function_performance[9]" classname="us.pserver.tools.test.TestReflect" time="2.186"/>
  <testcase name="test_methodSupplier_performance[1]" classname="us.pserver.tools.test.TestReflect" time="11.831"/>
  <testcase name="test_methodSupplier_performance[2]" classname="us.pserver.tools.test.TestReflect" time="11.717"/>
  <testcase name="test_methodSupplier_performance[3]" classname="us.pserver.tools.test.TestReflect" time="12.315"/>
  <testcase name="test_greet_method" classname="us.pserver.tools.test.TestReflect" time="0.001"/>
</testsuite>