# JRE version: Java(TM) SE Runtime Environment (8.0_66-b17) (build 1.8.0_66-b17)
# Java VM: Java HotSpot(TM) 64-Bit Server VM (25.66-b17 mixed mode linux-amd64 compressed oops)
Heap:
 PSYoungGen      total 93184K, used 89087K [0x00000000d7600000, 0x00000000eae80000, 0x0000000100000000)
  eden space 88064K, 100% used [0x00000000d7600000,0x00000000dcc00000,0x00000000dcc00000)
  from space 5120K, 19% used [0x00000000dcc00000,0x00000000dccffcd0,0x00000000dd100000)
  to   space 100864K, 0% used [0x00000000e4c00000,0x00000000e4c00000,0x00000000eae80000)
 ParOldGen       total 475136K, used 263007K [0x0000000086200000, 0x00000000a3200000, 0x00000000d7600000)
  object space 475136K, 55% used [0x0000000086200000,0x00000000962d7c78,0x00000000a3200000)
 Metaspace       used 6232K, capacity 6440K, committed 6784K, reserved 1056768K
  class space    used 706K, capacity 778K, committed 896K, reserved 1048576K
GC Heap History (10 events):
Event: 1,887 GC heap after
Heap after GC invocations=4 (full 1):
 PSYoungGen      total 67584K, used 5120K [0x00000000d7600000, 0x00000000dd600000, 0x0000000100000000)
  eden space 62464K, 0% used [0x00000000d7600000,0x00000000d7600000,0x00000000db300000)
  from space 5120K, 100% used [0x00000000db300000,0x00000000db800000,0x00000000db800000)
  to   space 5120K, 0% used [0x00000000dd100000,0x00000000dd100000,0x00000000dd600000)
 ParOldGen       total 139264K, used 113706K [0x0000000086200000, 0x000000008ea00000, 0x00000000d7600000)
  object space 139264K, 81% used [0x0000000086200000,0x000000008d10aaa8,0x000000008ea00000)
 Metaspace       used 6232K, capacity 6440K, committed 6784K, reserved 1056768K
  class space    used 706K, capacity 778K, committed 896K, reserved 1048576K
}
Event: 1,887 GC heap before
{Heap before GC invocations=5 (full 2):
 PSYoungGen      total 67584K, used 5120K [0x00000000d7600000, 0x00000000dd600000, 0x0000000100000000)
  eden space 62464K, 0% used [0x00000000d7600000,0x00000000d7600000,0x00000000db300000)
  from space 5120K, 100% used [0x00000000db300000,0x00000000db800000,0x00000000db800000)
  to   space 5120K, 0% used [0x00000000dd100000,0x00000000dd100000,0x00000000dd600000)
 ParOldGen       total 139264K, used 113706K [0x0000000086200000, 0x000000008ea00000, 0x00000000d7600000)
  object space 139264K, 81% used [0x0000000086200000,0x000000008d10aaa8,0x000000008ea00000)
 Metaspace       used 6232K, capacity 6440K, committed 6784K, reserved 1056768K
  class space    used 706K, capacity 778K, committed 896K, reserved 1048576K
Event: 3,033 GC heap after
Heap after GC invocations=5 (full 2):
 PSYoungGen      total 67584K, used 0K [0x00000000d7600000, 0x00000000dd600000, 0x0000000100000000)
  eden space 62464K, 0% used [0x00000000d7600000,0x00000000d7600000,0x00000000db300000)
  from space 5120K, 0% used [0x00000000db300000,0x00000000db300000,0x00000000db800000)
  to   space 5120K, 0% used [0x00000000dd100000,0x00000000dd100000,0x00000000dd600000)
 ParOldGen       total 263168K, used 118625K [0x0000000086200000, 0x0000000096300000, 0x00000000d7600000)
  object space 263168K, 45% used [0x0000000086200000,0x000000008d5d8588,0x0000000096300000)
 Metaspace       used 6232K, capacity 6440K, committed 6784K, reserved 1056768K
  class space    used 706K, capacity 778K, committed 896K, reserved 1048576K
}
Event: 3,116 GC heap before
{Heap before GC invocations=6 (full 2):
 PSYoungGen      total 67584K, used 62464K [0x00000000d7600000, 0x00000000dd600000, 0x0000000100000000)
  eden space 62464K, 100% used [0x00000000d7600000,0x00000000db300000,0x00000000db300000)
  from space 5120K, 0% used [0x00000000db300000,0x00000000db300000,0x00000000db800000)
  to   space 5120K, 0% used [0x00000000dd100000,0x00000000dd100000,0x00000000dd600000)
 ParOldGen       total 263168K, used 118625K [0x0000000086200000, 0x0000000096300000, 0x00000000d7600000)
  object space 263168K, 45% used [0x0000000086200000,0x000000008d5d8588,0x0000000096300000)
 Metaspace       used 6232K, capacity 6440K, committed 6784K, reserved 1056768K
  class space    used 706K, capacity 778K, committed 896K, reserved 1048576K
Event: 3,336 GC heap after
Heap after GC invocations=6 (full 2):
 PSYoungGen      total 88064K, used 5120K [0x00000000d7600000, 0x00000000dd600000, 0x0000000100000000)
  eden space 82944K, 0% used [0x00000000d7600000,0x00000000d7600000,0x00000000dc700000)
  from space 5120K, 100% used [0x00000000dd100000,0x00000000dd600000,0x00000000dd600000)
  to   space 5120K, 0% used [0x00000000dcc00000,0x00000000dcc00000,0x00000000dd100000)
 ParOldGen       total 263168K, used 176161K [0x0000000086200000, 0x0000000096300000, 0x00000000d7600000)
  object space 263168K, 66% used [0x0000000086200000,0x0000000090e08588,0x0000000096300000)
 Metaspace       used 6232K, capacity 6440K, committed 6784K, reserved 1056768K
  class space    used 706K, capacity 778K, committed 896K, reserved 1048576K
}
Event: 3,449 GC heap before
{Heap before GC invocations=7 (full 2):
 PSYoungGen      total 88064K, used 88064K [0x00000000d7600000, 0x00000000dd600000, 0x0000000100000000)
  eden space 82944K, 100% used [0x00000000d7600000,0x00000000dc700000,0x00000000dc700000)
  from space 5120K, 100% used [0x00000000dd100000,0x00000000dd600000,0x00000000dd600000)
  to   space 5120K, 0% used [0x00000000dcc00000,0x00000000dcc00000,0x00000000dd100000)
 ParOldGen       total 263168K, used 176161K [0x0000000086200000, 0x0000000096300000, 0x00000000d7600000)
  object space 263168K, 66% used [0x0000000086200000,0x0000000090e08588,0x0000000096300000)
 Metaspace       used 6232K, capacity 6440K, committed 6784K, reserved 1056768K
  class space    used 706K, capacity 778K, committed 896K, reserved 1048576K
Event: 3,750 GC heap after
Heap after GC invocations=7 (full 2):
 PSYoungGen      total 93184K, used 5120K [0x00000000d7600000, 0x00000000eae80000, 0x0000000100000000)
  eden space 88064K, 0% used [0x00000000d7600000,0x00000000d7600000,0x00000000dcc00000)
  from space 5120K, 100% used [0x00000000dcc00000,0x00000000dd100000,0x00000000dd100000)
  to   space 100864K, 0% used [0x00000000e4c00000,0x00000000e4c00000,0x00000000eae80000)
 ParOldGen       total 263168K, used 259377K [0x0000000086200000, 0x0000000096300000, 0x00000000d7600000)
  object space 263168K, 98% used [0x0000000086200000,0x0000000095f4c588,0x0000000096300000)
 Metaspace       used 6232K, capacity 6440K, committed 6784K, reserved 1056768K
  class space    used 706K, capacity 778K, committed 896K, reserved 1048576K
}
Event: 3,750 GC heap before
{Heap before GC invocations=8 (full 3):
 PSYoungGen      total 93184K, used 5120K [0x00000000d7600000, 0x00000000eae80000, 0x0000000100000000)
  eden space 88064K, 0% used [0x00000000d7600000,0x00000000d7600000,0x00000000dcc00000)
  from space 5120K, 100% used [0x00000000dcc00000,0x00000000dd100000,0x00000000dd100000)
  to   space 100864K, 0% used [0x00000000e4c00000,0x00000000e4c00000,0x00000000eae80000)
 ParOldGen       total 263168K, used 259377K [0x0000000086200000, 0x0000000096300000, 0x00000000d7600000)
  object space 263168K, 98% used [0x0000000086200000,0x0000000095f4c588,0x0000000096300000)
 Metaspace       used 6232K, capacity 6440K, committed 6784K, reserved 1056768K
  class space    used 706K, capacity 778K, committed 896K, reserved 1048576K
Event: 6,350 GC heap after
Heap after GC invocations=8 (full 3):
 PSYoungGen      total 93184K, used 1023K [0x00000000d7600000, 0x00000000eae80000, 0x0000000100000000)
  eden space 88064K, 0% used [0x00000000d7600000,0x00000000d7600000,0x00000000dcc00000)
  from space 5120K, 19% used [0x00000000dcc00000,0x00000000dccffcd0,0x00000000dd100000)
  to   space 100864K, 0% used [0x00000000e4c00000,0x00000000e4c00000,0x00000000eae80000)
 ParOldGen       total 475136K, used 263007K [0x0000000086200000, 0x00000000a3200000, 0x00000000d7600000)
  object space 475136K, 55% used [0x0000000086200000,0x00000000962d7c78,0x00000000a3200000)
 Metaspace       used 6232K, capacity 6440K, committed 6784K, reserved 1056768K
  class space    used 706K, capacity 778K, committed 896K, reserved 1048576K
}
Event: 6,470 GC heap before
{Heap before GC invocations=9 (full 3):
 PSYoungGen      total 93184K, used 89087K [0x00000000d7600000, 0x00000000eae80000, 0x0000000100000000)
  eden space 88064K, 100% used [0x00000000d7600000,0x00000000dcc00000,0x00000000dcc00000)
  from space 5120K, 19% used [0x00000000dcc00000,0x00000000dccffcd0,0x00000000dd100000)
  to   space 100864K, 0% used [0x00000000e4c00000,0x00000000e4c00000,0x00000000eae80000)
 ParOldGen       total 475136K, used 263007K [0x0000000086200000, 0x00000000a3200000, 0x00000000d7600000)
  object space 475136K, 55% used [0x0000000086200000,0x00000000962d7c78,0x00000000a3200000)
 Metaspace       used 6232K, capacity 6440K, committed 6784K, reserved 1056768K
  class space    used 706K, capacity 778K, committed 896K, reserved 1048576K

